<?xml version="1.0" encoding="UTF-8"?>
<testng-results skipped="0" failed="0" ignored="0" total="1" passed="1">
  <reporter-output>
  </reporter-output>
  <suite name="Default suite" duration-ms="24351" started-at="2019-09-19T10:34:13Z" finished-at="2019-09-19T10:34:37Z">
    <groups>
    </groups>
    <test name="Default test" duration-ms="24351" started-at="2019-09-19T10:34:13Z" finished-at="2019-09-19T10:34:37Z">
      <class name="org.shl.testng.Flipcart.TestScript">
        <test-method status="PASS" signature="launchBrowser()[pri:0, instance:org.shl.testng.Flipcart.TestScript@5622fdf]" name="launchBrowser" is-config="true" duration-ms="14500" started-at="2019-09-19T10:34:13Z" finished-at="2019-09-19T10:34:28Z">
          <reporter-output>
          </reporter-output>
        </test-method> <!-- launchBrowser -->
        <test-method status="PASS" signature="beforeMethod()[pri:0, instance:org.shl.testng.Flipcart.TestScript@5622fdf]" name="beforeMethod" is-config="true" duration-ms="56" started-at="2019-09-19T10:34:28Z" finished-at="2019-09-19T10:34:28Z">
          <reporter-output>
          </reporter-output>
        </test-method> <!-- beforeMethod -->
        <test-method status="PASS" signature="login()[pri:0, instance:org.shl.testng.Flipcart.TestScript@5622fdf]" name="login" duration-ms="8380" started-at="2019-09-19T10:34:28Z" finished-at="2019-09-19T10:34:36Z">
          <reporter-output>
          </reporter-output>
        </test-method> <!-- login -->
        <test-method status="PASS" signature="closeBrowser()[pri:0, instance:org.shl.testng.Flipcart.TestScript@5622fdf]" name="closeBrowser" is-config="true" duration-ms="1372" started-at="2019-09-19T10:34:36Z" finished-at="2019-09-19T10:34:37Z">
          <reporter-output>
          </reporter-output>
        </test-method> <!-- closeBrowser -->
      </class> <!-- org.shl.testng.Flipcart.TestScript -->
    </test> <!-- Default test -->
  </suite> <!-- Default suite -->
</testng-results>
